F:\2022\INTERVIEW\JSONPARSER2\DEBUG\JSONPARSER2.EXE
F:\2022\INTERVIEW\JSONPARSER2\DEBUG\JSONPARSER2.ILK
F:\2022\INTERVIEW\JSONPARSER2\DEBUG\JSONPARSER2.PDB
F:\2022\INTERVIEW\JSONPARSER2\JSONPARSER2\DEBUG\ARRAYOBJECT.OBJ
F:\2022\INTERVIEW\JSONPARSER2\JSONPARSER2\DEBUG\BASICOBJECT.OBJ
F:\2022\interview\JsonParser2\JsonParser2\Debug\cl.command.1.tlog
F:\2022\interview\JsonParser2\JsonParser2\Debug\CL.read.1.tlog
F:\2022\interview\JsonParser2\JsonParser2\Debug\CL.write.1.tlog
F:\2022\INTERVIEW\JSONPARSER2\JSONPARSER2\DEBUG\CONCRETEOBJECT.OBJ
F:\2022\INTERVIEW\JSONPARSER2\JSONPARSER2\DEBUG\GRAMMAR.OBJ
F:\2022\INTERVIEW\JSONPARSER2\JSONPARSER2\DEBUG\JSONEXCEPTION.OBJ
F:\2022\INTERVIEW\JSONPARSER2\JSONPARSER2\DEBUG\JSONPARSER.OBJ
F:\2022\INTERVIEW\JSONPARSER2\JSONPARSER2\DEBUG\JSONPARSER2.EXE.INTERMEDIATE.MANIFEST
F:\2022\interview\JsonParser2\JsonParser2\Debug\JsonParser2.write.1.tlog
F:\2022\interview\JsonParser2\JsonParser2\Debug\link.command.1.tlog
F:\2022\interview\JsonParser2\JsonParser2\Debug\link.read.1.tlog
F:\2022\interview\JsonParser2\JsonParser2\Debug\link.write.1.tlog
F:\2022\INTERVIEW\JSONPARSER2\JSONPARSER2\DEBUG\MAIN.OBJ
F:\2022\interview\JsonParser2\JsonParser2\Debug\mt.command.1.tlog
F:\2022\interview\JsonParser2\JsonParser2\Debug\mt.read.1.tlog
F:\2022\interview\JsonParser2\JsonParser2\Debug\mt.write.1.tlog
F:\2022\INTERVIEW\JSONPARSER2\JSONPARSER2\DEBUG\OBJECT.OBJ
F:\2022\INTERVIEW\JSONPARSER2\JSONPARSER2\DEBUG\STACK.OBJ
F:\2022\INTERVIEW\JSONPARSER2\JSONPARSER2\DEBUG\SYNTAXPARSE.OBJ
F:\2022\interview\JsonParser2\JsonParser2\Debug\vc100.idb
F:\2022\INTERVIEW\JSONPARSER2\JSONPARSER2\DEBUG\VC100.PDB
